Using pre-set license
Built from '2020.3/staging' branch; Version is '2020.3.6f1 (338bb68529b2) revision 3378102'; Using compiler version '192528614'; Build Type 'Release'
OS: 'Windows 10 Home; OS build 18362.900; Version 1903; 64bit' Language: 'en' Physical Memory: 16342 MB
BatchMode: 1, IsHumanControllingUs: 0, StartBugReporterOnCrash: 0, Is64bit: 1, IsPro: 0

 COMMAND LINE ARGUMENTS:
C:\Program Files\Unity\Hub\Editor\2020.3.6f1\Editor\Unity.exe
-adb2
-batchMode
-noUpm
-name
AssetImportWorker2
-projectPath
C:/Users/FiercePC/Documents/GameAudio/GameAudioProject/GameAudioGame
-logFile
Logs/AssetImportWorker2.log
-srvPort
63741
Successfully changed project path to: C:/Users/FiercePC/Documents/GameAudio/GameAudioProject/GameAudioGame
C:/Users/FiercePC/Documents/GameAudio/GameAudioProject/GameAudioGame
Using Asset Import Pipeline V2.
Platform WindowsStandaloneSupport does not support graphics device type 

Refreshing native plugins compatible for Editor in 56.61 ms, found 0 plugins.
Preloading 0 native plugins for Editor in 0.00 ms.
Initialize engine version: 2020.3.6f1 (338bb68529b2)
[Subsystems] Discovering subsystems at path C:/Program Files/Unity/Hub/Editor/2020.3.6f1/Editor/Data/Resources/UnitySubsystems
[Subsystems] Discovering subsystems at path C:/Users/FiercePC/Documents/GameAudio/GameAudioProject/GameAudioGame/Assets
GfxDevice: creating device client; threaded=0
Direct3D:
    Version:  Direct3D 11.0 [level 11.1]
    Renderer: NVIDIA GeForce GTX 1050 Ti (ID=0x1c82)
    Vendor:   
    VRAM:     4018 MB
    Driver:   27.21.14.5671
Initialize mono
Mono path[0] = 'C:/Program Files/Unity/Hub/Editor/2020.3.6f1/Editor/Data/Managed'
Mono path[1] = 'C:/Program Files/Unity/Hub/Editor/2020.3.6f1/Editor/Data/MonoBleedingEdge/lib/mono/unityjit'
Mono config path = 'C:/Program Files/Unity/Hub/Editor/2020.3.6f1/Editor/Data/MonoBleedingEdge/etc'
Using monoOptions --debugger-agent=transport=dt_socket,embedding=1,server=y,suspend=n,address=127.0.0.1:56132
Begin MonoManager ReloadAssembly
Registering precompiled unity dll's ...
Register platform support module: C:/Program Files/Unity/Hub/Editor/2020.3.6f1/Editor/Data/PlaybackEngines/WebGLSupport/UnityEditor.WebGL.Extensions.dll
Register platform support module: C:/Program Files/Unity/Hub/Editor/2020.3.6f1/Editor/Data/PlaybackEngines/WindowsStandaloneSupport/UnityEditor.WindowsStandalone.Extensions.dll
Registered in 0.003688 seconds.
Native extension for WindowsStandalone target not found
Native extension for WebGL target not found
Refreshing native plugins compatible for Editor in 94.18 ms, found 0 plugins.
Preloading 0 native plugins for Editor in 0.00 ms.
Mono: successfully reloaded assembly
- Completed reload, in  8.184 seconds
Platform modules already initialized, skipping
Registering precompiled user dll's ...
Registered in 0.002826 seconds.
Begin MonoManager ReloadAssembly
Native extension for WindowsStandalone target not found
Native extension for WebGL target not found
Refreshing native plugins compatible for Editor in 0.38 ms, found 0 plugins.
Preloading 0 native plugins for Editor in 0.00 ms.
Mono: successfully reloaded assembly
- Completed reload, in  2.124 seconds
Platform modules already initialized, skipping
========================================================================
Worker process is ready to serve import requests
Platform WindowsStandaloneSupport does not support graphics device type 

Launched and connected shader compiler UnityShaderCompiler.exe after 0.17 seconds
Refreshing native plugins compatible for Editor in 0.34 ms, found 0 plugins.
Preloading 0 native plugins for Editor in 0.00 ms.
Unloading 1175 Unused Serialized files (Serialized files now loaded: 0)
System memory in use before: 73.8 MB.
System memory in use after: 73.9 MB.

Unloading 9 unused Assets to reduce memory usage. Loaded Objects now: 1635.
Total: 1.813700 ms (FindLiveObjects: 0.143900 ms CreateObjectMapping: 0.034600 ms MarkObjects: 1.537400 ms  DeleteObjects: 0.097100 ms)

========================================================================
Received Import Request.
  path: Assets/Animations
  artifactKey: Guid(1ae54cdb2c1149041b45a96fe095083b) Importer(815301076,1909f56bfc062723c751e8b465ee728b)
Start importing Assets/Animations using Guid(1ae54cdb2c1149041b45a96fe095083b) Importer(815301076,1909f56bfc062723c751e8b465ee728b)  -> (artifact id: '16be7e08acb856c9435968a88e5441a7') in 0.062657 seconds
  Import took 0.075522 seconds .

========================================================================
Received Import Request.
  Time since last request: 0.000441 seconds.
  path: Assets/Animations/Idle.fbx
  artifactKey: Guid(6e18fe39d47a7b54bbcfe28e4e042df4) Importer(815301076,1909f56bfc062723c751e8b465ee728b)
Start importing Assets/Animations/Idle.fbx using Guid(6e18fe39d47a7b54bbcfe28e4e042df4) Importer(815301076,1909f56bfc062723c751e8b465ee728b)  -> (artifact id: 'e59f2c4548aa62a62aeea38dc1b86836') in 0.424753 seconds
  Import took 0.452005 seconds .

========================================================================
Received Import Request.
  Time since last request: 0.000419 seconds.
  path: Assets/Animations/Walking.fbx
  artifactKey: Guid(f1d01b5c094bbb04cb18c9740beae734) Importer(815301076,1909f56bfc062723c751e8b465ee728b)
Start importing Assets/Animations/Walking.fbx using Guid(f1d01b5c094bbb04cb18c9740beae734) Importer(815301076,1909f56bfc062723c751e8b465ee728b)  -> (artifact id: 'b78384db9fb5add4ef4baa96e0d6bcc6') in 0.018693 seconds
  Import took 0.048716 seconds .

========================================================================
Received Import Request.
  Time since last request: 0.000287 seconds.
  path: Assets/Animations/Talking.fbx
  artifactKey: Guid(72a71a355a78c54438e5cdd8a0c589ca) Importer(815301076,1909f56bfc062723c751e8b465ee728b)
Start importing Assets/Animations/Talking.fbx using Guid(72a71a355a78c54438e5cdd8a0c589ca) Importer(815301076,1909f56bfc062723c751e8b465ee728b)  -> (artifact id: '9082b0f19187ba3c505fcf5ed3cc4796') in 0.009942 seconds
  Import took 0.065386 seconds .

========================================================================
Received Import Request.
  Time since last request: 0.000630 seconds.
  path: Assets/Animations/Talking.fbx
  artifactKey: Guid(72a71a355a78c54438e5cdd8a0c589ca) Importer(815301076,1909f56bfc062723c751e8b465ee728b)
Start importing Assets/Animations/Talking.fbx using Guid(72a71a355a78c54438e5cdd8a0c589ca) Importer(815301076,1909f56bfc062723c751e8b465ee728b)  -> (artifact id: '9082b0f19187ba3c505fcf5ed3cc4796') in 0.006766 seconds
  Import took 0.009823 seconds .

========================================================================
Received Import Request.
  Time since last request: 228.497137 seconds.
  path: Assets/Animations/sporty_granny.fbx
  artifactKey: Guid(564a7af485b03864696345ddb220df54) Importer(815301076,1909f56bfc062723c751e8b465ee728b)
Start importing Assets/Animations/sporty_granny.fbx using Guid(564a7af485b03864696345ddb220df54) Importer(815301076,1909f56bfc062723c751e8b465ee728b)  -> (artifact id: '012d908cf3d4a5d864b2afb6197e53d5') in 0.309145 seconds
  Import took 0.382504 seconds .

========================================================================
Received Import Request.
  Time since last request: 7.949385 seconds.
  path: Assets/Animations/sporty_granny.fbx
  artifactKey: Guid(564a7af485b03864696345ddb220df54) Importer(815301076,1909f56bfc062723c751e8b465ee728b)
Start importing Assets/Animations/sporty_granny.fbx using Guid(564a7af485b03864696345ddb220df54) Importer(815301076,1909f56bfc062723c751e8b465ee728b)  -> (artifact id: '1774a297d0cf5c757911e9f5a37e3a3b') in 0.320696 seconds
  Import took 0.347942 seconds .

========================================================================
Received Import Request.
  Time since last request: 0.000234 seconds.
  path: Assets/Animations/sporty_granny@Idle.fbx
  artifactKey: Guid(c4cad19493cfa1749840e345b7456ffc) Importer(815301076,1909f56bfc062723c751e8b465ee728b)
Start importing Assets/Animations/sporty_granny@Idle.fbx using Guid(c4cad19493cfa1749840e345b7456ffc) Importer(815301076,1909f56bfc062723c751e8b465ee728b)  -> (artifact id: '9c83f355b8e1168c7f814aea66abcd18') in 0.076191 seconds
  Import took 0.092036 seconds .

========================================================================
Received Import Request.
  Time since last request: 41.397365 seconds.
  path: Assets/Animations/sporty_granny.fbx
  artifactKey: Guid(564a7af485b03864696345ddb220df54) Importer(815301076,1909f56bfc062723c751e8b465ee728b)
Start importing Assets/Animations/sporty_granny.fbx using Guid(564a7af485b03864696345ddb220df54) Importer(815301076,1909f56bfc062723c751e8b465ee728b)  -> (artifact id: '03227a8760c99210ff7a9dfca719e07e') in 0.079693 seconds
  Import took 0.082329 seconds .

========================================================================
Received Import Request.
  Time since last request: 3.863157 seconds.
  path: Assets/Animations/sporty_granny.fbx
  artifactKey: Guid(564a7af485b03864696345ddb220df54) Importer(815301076,1909f56bfc062723c751e8b465ee728b)
Start importing Assets/Animations/sporty_granny.fbx using Guid(564a7af485b03864696345ddb220df54) Importer(815301076,1909f56bfc062723c751e8b465ee728b)  -> (artifact id: '42a56f3259dd865783e9ae1b6bab1d74') in 0.084025 seconds
  Import took 0.088312 seconds .

========================================================================
Received Prepare
Platform WindowsStandaloneSupport does not support graphics device type 

Registering precompiled user dll's ...
Registered in 0.000902 seconds.
Begin MonoManager ReloadAssembly
Native extension for WindowsStandalone target not found
Native extension for WebGL target not found
Refreshing native plugins compatible for Editor in 0.31 ms, found 0 plugins.
Preloading 0 native plugins for Editor in 0.00 ms.
Mono: successfully reloaded assembly
- Completed reload, in  0.759 seconds
Platform modules already initialized, skipping
Refreshing native plugins compatible for Editor in 0.32 ms, found 0 plugins.
Preloading 0 native plugins for Editor in 0.00 ms.
Unloading 1167 Unused Serialized files (Serialized files now loaded: 0)
System memory in use before: 90.6 MB.
System memory in use after: 90.7 MB.

Unloading 4 unused Assets to reduce memory usage. Loaded Objects now: 1682.
Total: 1.510500 ms (FindLiveObjects: 0.195600 ms CreateObjectMapping: 0.035600 ms MarkObjects: 1.252100 ms  DeleteObjects: 0.026400 ms)

========================================================================
Received Import Request.
  Time since last request: 90.163433 seconds.
  path: Assets/Animations/Granny.controller
  artifactKey: Guid(a30b43e0d0d23324684aa9012b63c61d) Importer(815301076,1909f56bfc062723c751e8b465ee728b)
Start importing Assets/Animations/Granny.controller using Guid(a30b43e0d0d23324684aa9012b63c61d) Importer(815301076,1909f56bfc062723c751e8b465ee728b)  -> (artifact id: '8c78a085acf5604e87dc180946f3f96b') in 0.046383 seconds
  Import took 0.049324 seconds .

========================================================================
Received Prepare
Platform WindowsStandaloneSupport does not support graphics device type 

Registering precompiled user dll's ...
Registered in 0.001285 seconds.
Begin MonoManager ReloadAssembly
Native extension for WindowsStandalone target not found
Native extension for WebGL target not found
Refreshing native plugins compatible for Editor in 0.36 ms, found 0 plugins.
Preloading 0 native plugins for Editor in 0.00 ms.
Mono: successfully reloaded assembly
- Completed reload, in  0.777 seconds
Platform modules already initialized, skipping
Refreshing native plugins compatible for Editor in 0.33 ms, found 0 plugins.
Preloading 0 native plugins for Editor in 0.00 ms.
Unloading 1167 Unused Serialized files (Serialized files now loaded: 0)
System memory in use before: 90.6 MB.
System memory in use after: 90.7 MB.

Unloading 4 unused Assets to reduce memory usage. Loaded Objects now: 1685.
Total: 1.612200 ms (FindLiveObjects: 0.198200 ms CreateObjectMapping: 0.032100 ms MarkObjects: 1.343200 ms  DeleteObjects: 0.024800 ms)

========================================================================
Received Prepare
Platform WindowsStandaloneSupport does not support graphics device type 

Registering precompiled user dll's ...
Registered in 0.001300 seconds.
Begin MonoManager ReloadAssembly
Native extension for WindowsStandalone target not found
Native extension for WebGL target not found
Refreshing native plugins compatible for Editor in 0.57 ms, found 0 plugins.
Preloading 0 native plugins for Editor in 0.00 ms.
Mono: successfully reloaded assembly
- Completed reload, in  4.134 seconds
Platform modules already initialized, skipping
Refreshing native plugins compatible for Editor in 0.80 ms, found 0 plugins.
Preloading 0 native plugins for Editor in 0.00 ms.
Unloading 1167 Unused Serialized files (Serialized files now loaded: 0)
System memory in use before: 90.6 MB.
System memory in use after: 90.7 MB.

Unloading 4 unused Assets to reduce memory usage. Loaded Objects now: 1688.
Total: 2.237000 ms (FindLiveObjects: 0.208700 ms CreateObjectMapping: 0.061700 ms MarkObjects: 1.944100 ms  DeleteObjects: 0.021000 ms)

========================================================================
Received Import Request.
  Time since last request: 276.790951 seconds.
  path: Assets/Animations/sporty_granny@Standing Death Left 01.fbx
  artifactKey: Guid(3deab5b6514e3da4d8100ee9aa3fcec8) Importer(815301076,1909f56bfc062723c751e8b465ee728b)
Start importing Assets/Animations/sporty_granny@Standing Death Left 01.fbx using Guid(3deab5b6514e3da4d8100ee9aa3fcec8) Importer(815301076,1909f56bfc062723c751e8b465ee728b)  -> (artifact id: '95d46cf6b5a22729359d71ecdbb08295') in 0.223219 seconds
  Import took 0.288210 seconds .

========================================================================
Received Import Request.
  Time since last request: 2.739423 seconds.
  path: Assets/Animations/sporty_granny@Knocked Out.fbx
  artifactKey: Guid(68017f2e03862c1438a924a472c761dd) Importer(815301076,1909f56bfc062723c751e8b465ee728b)
Start importing Assets/Animations/sporty_granny@Knocked Out.fbx using Guid(68017f2e03862c1438a924a472c761dd) Importer(815301076,1909f56bfc062723c751e8b465ee728b)  -> (artifact id: 'a091b6c224617bf991442c81236aa6e2') in 0.103455 seconds
  Import took 0.139275 seconds .

========================================================================
Received Import Request.
  Time since last request: 2.261490 seconds.
  path: Assets/Animations/sporty_granny@Stumble Backwards.fbx
  artifactKey: Guid(2dd96c1c30830934694207c1fa419e6a) Importer(815301076,1909f56bfc062723c751e8b465ee728b)
Start importing Assets/Animations/sporty_granny@Stumble Backwards.fbx using Guid(2dd96c1c30830934694207c1fa419e6a) Importer(815301076,1909f56bfc062723c751e8b465ee728b)  -> (artifact id: '1f219a283f50977c18321c737b57b7cb') in 0.078749 seconds
  Import took 0.104991 seconds .

========================================================================
Received Import Request.
  Time since last request: 0.036624 seconds.
  path: Assets/Animations/sporty_granny@Stumble Backwards.fbx
  artifactKey: Guid(2dd96c1c30830934694207c1fa419e6a) Importer(815301076,1909f56bfc062723c751e8b465ee728b)
Start importing Assets/Animations/sporty_granny@Stumble Backwards.fbx using Guid(2dd96c1c30830934694207c1fa419e6a) Importer(815301076,1909f56bfc062723c751e8b465ee728b)  -> (artifact id: '1f219a283f50977c18321c737b57b7cb') in 0.038499 seconds
  Import took 0.080659 seconds .

========================================================================
Received Import Request.
  Time since last request: 2.428580 seconds.
  path: Assets/Animations/sporty_granny@Shoulder Hit And Fall.fbx
  artifactKey: Guid(dd43133e31614b4449caaef13057af74) Importer(815301076,1909f56bfc062723c751e8b465ee728b)
Start importing Assets/Animations/sporty_granny@Shoulder Hit And Fall.fbx using Guid(dd43133e31614b4449caaef13057af74) Importer(815301076,1909f56bfc062723c751e8b465ee728b)  -> (artifact id: 'c163871e77619e3434f6ee9961fcee76') in 0.120212 seconds
  Import took 0.130195 seconds .

========================================================================
Received Import Request.
  Time since last request: 0.021512 seconds.
  path: Assets/Animations/sporty_granny@Shoulder Hit And Fall.fbx
  artifactKey: Guid(dd43133e31614b4449caaef13057af74) Importer(815301076,1909f56bfc062723c751e8b465ee728b)
Start importing Assets/Animations/sporty_granny@Shoulder Hit And Fall.fbx using Guid(dd43133e31614b4449caaef13057af74) Importer(815301076,1909f56bfc062723c751e8b465ee728b)  -> (artifact id: 'c163871e77619e3434f6ee9961fcee76') in 0.049900 seconds
  Import took 0.053973 seconds .

========================================================================
Received Import Request.
  Time since last request: 2.480169 seconds.
  path: Assets/Animations/sporty_granny@Falling Forward Death.fbx
  artifactKey: Guid(f1f60c34599edf345a601bacbd6bf52d) Importer(815301076,1909f56bfc062723c751e8b465ee728b)
Start importing Assets/Animations/sporty_granny@Falling Forward Death.fbx using Guid(f1f60c34599edf345a601bacbd6bf52d) Importer(815301076,1909f56bfc062723c751e8b465ee728b)  -> (artifact id: '5b08530435fd280edcc5053afa362702') in 0.059516 seconds
  Import took 0.063834 seconds .

========================================================================
Received Import Request.
  Time since last request: 162.502038 seconds.
  path: Assets/Scripts/PersonColision.cs
  artifactKey: Guid(1c687781041e7444c8153545bd0a8c1a) Importer(815301076,1909f56bfc062723c751e8b465ee728b)
Start importing Assets/Scripts/PersonColision.cs using Guid(1c687781041e7444c8153545bd0a8c1a) Importer(815301076,1909f56bfc062723c751e8b465ee728b)  -> (artifact id: 'da708a50cc80070cdffd64f88c7cd3fb') in 0.093710 seconds
  Import took 0.302865 seconds .

========================================================================
Received Prepare
Platform WindowsStandaloneSupport does not support graphics device type 

Registering precompiled user dll's ...
Registered in 0.000860 seconds.
Begin MonoManager ReloadAssembly
Native extension for WindowsStandalone target not found
Native extension for WebGL target not found
Refreshing native plugins compatible for Editor in 0.69 ms, found 0 plugins.
Preloading 0 native plugins for Editor in 0.00 ms.
Mono: successfully reloaded assembly
- Completed reload, in  0.878 seconds
Platform modules already initialized, skipping
Refreshing native plugins compatible for Editor in 0.33 ms, found 0 plugins.
Preloading 0 native plugins for Editor in 0.00 ms.
Unloading 1168 Unused Serialized files (Serialized files now loaded: 0)
System memory in use before: 90.7 MB.
System memory in use after: 90.8 MB.

Unloading 4 unused Assets to reduce memory usage. Loaded Objects now: 1692.
Total: 2.027100 ms (FindLiveObjects: 0.183500 ms CreateObjectMapping: 0.033600 ms MarkObjects: 1.794000 ms  DeleteObjects: 0.015000 ms)

========================================================================
Received Prepare
Platform WindowsStandaloneSupport does not support graphics device type 

Registering precompiled user dll's ...
Registered in 0.000875 seconds.
Begin MonoManager ReloadAssembly
Native extension for WindowsStandalone target not found
Native extension for WebGL target not found
Refreshing native plugins compatible for Editor in 0.39 ms, found 0 plugins.
Preloading 0 native plugins for Editor in 0.00 ms.
Mono: successfully reloaded assembly
- Completed reload, in  0.753 seconds
Platform modules already initialized, skipping
Refreshing native plugins compatible for Editor in 0.38 ms, found 0 plugins.
Preloading 0 native plugins for Editor in 0.00 ms.
Unloading 1168 Unused Serialized files (Serialized files now loaded: 0)
System memory in use before: 90.7 MB.
System memory in use after: 90.8 MB.

Unloading 4 unused Assets to reduce memory usage. Loaded Objects now: 1695.
Total: 1.870400 ms (FindLiveObjects: 0.185500 ms CreateObjectMapping: 0.044700 ms MarkObjects: 1.611400 ms  DeleteObjects: 0.027700 ms)

========================================================================
Received Prepare
Platform WindowsStandaloneSupport does not support graphics device type 

Registering precompiled user dll's ...
Registered in 0.001638 seconds.
Begin MonoManager ReloadAssembly
Native extension for WindowsStandalone target not found
Native extension for WebGL target not found
Refreshing native plugins compatible for Editor in 0.41 ms, found 0 plugins.
Preloading 0 native plugins for Editor in 0.00 ms.
Mono: successfully reloaded assembly
- Completed reload, in  0.750 seconds
Platform modules already initialized, skipping
Refreshing native plugins compatible for Editor in 0.32 ms, found 0 plugins.
Preloading 0 native plugins for Editor in 0.00 ms.
Unloading 1168 Unused Serialized files (Serialized files now loaded: 0)
System memory in use before: 90.7 MB.
System memory in use after: 90.8 MB.

Unloading 4 unused Assets to reduce memory usage. Loaded Objects now: 1698.
Total: 1.952800 ms (FindLiveObjects: 0.219000 ms CreateObjectMapping: 0.141500 ms MarkObjects: 1.577600 ms  DeleteObjects: 0.013300 ms)

========================================================================
Received Import Request.
  Time since last request: 398.440978 seconds.
  path: Assets/Animations/Granny.controller
  artifactKey: Guid(a30b43e0d0d23324684aa9012b63c61d) Importer(815301076,1909f56bfc062723c751e8b465ee728b)
Start importing Assets/Animations/Granny.controller using Guid(a30b43e0d0d23324684aa9012b63c61d) Importer(815301076,1909f56bfc062723c751e8b465ee728b)  -> (artifact id: 'a66ebcd5e65092caa70b8d56f5467513') in 0.025944 seconds
  Import took 0.043074 seconds .

========================================================================
Received Import Request.
  Time since last request: 47.807675 seconds.
  path: ProjectSettings/TagManager.asset
  artifactKey: Guid(00000000000000003000000000000000) Importer(815301076,1909f56bfc062723c751e8b465ee728b)
Start importing ProjectSettings/TagManager.asset using Guid(00000000000000003000000000000000) Importer(815301076,1909f56bfc062723c751e8b465ee728b)  -> (artifact id: 'd2c11e8f07f26fbf07ee778abe3c1cf3') in 0.009059 seconds
  Import took 0.012290 seconds .

========================================================================
Received Import Request.
  Time since last request: 0.000939 seconds.
  path: ProjectSettings/TagManager.asset
  artifactKey: Guid(00000000000000003000000000000000) Importer(815301076,1909f56bfc062723c751e8b465ee728b)
Start importing ProjectSettings/TagManager.asset using Guid(00000000000000003000000000000000) Importer(815301076,1909f56bfc062723c751e8b465ee728b)  -> (artifact id: 'd2c11e8f07f26fbf07ee778abe3c1cf3') in 0.004444 seconds
  Import took 0.006526 seconds .

========================================================================
Received Prepare
Platform WindowsStandaloneSupport does not support graphics device type 

Registering precompiled user dll's ...
Registered in 0.000798 seconds.
Begin MonoManager ReloadAssembly
Native extension for WindowsStandalone target not found
Native extension for WebGL target not found
Refreshing native plugins compatible for Editor in 0.35 ms, found 0 plugins.
Preloading 0 native plugins for Editor in 0.00 ms.
Mono: successfully reloaded assembly
- Completed reload, in  0.717 seconds
Platform modules already initialized, skipping
Refreshing native plugins compatible for Editor in 0.37 ms, found 0 plugins.
Preloading 0 native plugins for Editor in 0.00 ms.
Unloading 1168 Unused Serialized files (Serialized files now loaded: 0)
System memory in use before: 90.8 MB.
System memory in use after: 90.9 MB.

Unloading 6 unused Assets to reduce memory usage. Loaded Objects now: 1701.
Total: 1.475300 ms (FindLiveObjects: 0.157000 ms CreateObjectMapping: 0.035200 ms MarkObjects: 1.270300 ms  DeleteObjects: 0.012000 ms)

========================================================================
Received Prepare
Platform WindowsStandaloneSupport does not support graphics device type 

Registering precompiled user dll's ...
Registered in 0.000928 seconds.
Begin MonoManager ReloadAssembly
Native extension for WindowsStandalone target not found
Native extension for WebGL target not found
Refreshing native plugins compatible for Editor in 0.39 ms, found 0 plugins.
Preloading 0 native plugins for Editor in 0.00 ms.
Mono: successfully reloaded assembly
- Completed reload, in  0.754 seconds
Platform modules already initialized, skipping
Refreshing native plugins compatible for Editor in 0.32 ms, found 0 plugins.
Preloading 0 native plugins for Editor in 0.00 ms.
Unloading 1168 Unused Serialized files (Serialized files now loaded: 0)
System memory in use before: 90.8 MB.
System memory in use after: 90.9 MB.

Unloading 4 unused Assets to reduce memory usage. Loaded Objects now: 1704.
Total: 1.646800 ms (FindLiveObjects: 0.188000 ms CreateObjectMapping: 0.044400 ms MarkObjects: 1.399400 ms  DeleteObjects: 0.013400 ms)

========================================================================
Received Prepare
Platform WindowsStandaloneSupport does not support graphics device type 

Registering precompiled user dll's ...
Registered in 0.000851 seconds.
Begin MonoManager ReloadAssembly
Native extension for WindowsStandalone target not found
Native extension for WebGL target not found
Refreshing native plugins compatible for Editor in 0.32 ms, found 0 plugins.
Preloading 0 native plugins for Editor in 0.00 ms.
Mono: successfully reloaded assembly
- Completed reload, in  0.842 seconds
Platform modules already initialized, skipping
Refreshing native plugins compatible for Editor in 0.33 ms, found 0 plugins.
Preloading 0 native plugins for Editor in 0.00 ms.
Unloading 1168 Unused Serialized files (Serialized files now loaded: 0)
System memory in use before: 90.8 MB.
System memory in use after: 90.9 MB.

Unloading 4 unused Assets to reduce memory usage. Loaded Objects now: 1707.
Total: 2.124400 ms (FindLiveObjects: 0.152200 ms CreateObjectMapping: 0.033200 ms MarkObjects: 1.907200 ms  DeleteObjects: 0.030400 ms)

========================================================================
Received Prepare
Platform WindowsStandaloneSupport does not support graphics device type 

Registering precompiled user dll's ...
Registered in 0.000787 seconds.
Begin MonoManager ReloadAssembly
Native extension for WindowsStandalone target not found
Native extension for WebGL target not found
Refreshing native plugins compatible for Editor in 0.32 ms, found 0 plugins.
Preloading 0 native plugins for Editor in 0.00 ms.
Mono: successfully reloaded assembly
- Completed reload, in  0.777 seconds
Platform modules already initialized, skipping
Refreshing native plugins compatible for Editor in 0.34 ms, found 0 plugins.
Preloading 0 native plugins for Editor in 0.00 ms.
Unloading 1168 Unused Serialized files (Serialized files now loaded: 0)
System memory in use before: 90.8 MB.
System memory in use after: 90.9 MB.

Unloading 4 unused Assets to reduce memory usage. Loaded Objects now: 1710.
Total: 2.302800 ms (FindLiveObjects: 0.320000 ms CreateObjectMapping: 0.106000 ms MarkObjects: 1.859300 ms  DeleteObjects: 0.016000 ms)

========================================================================
Received Prepare
Platform WindowsStandaloneSupport does not support graphics device type 

Registering precompiled user dll's ...
Registered in 0.001102 seconds.
Begin MonoManager ReloadAssembly
Native extension for WindowsStandalone target not found
Native extension for WebGL target not found
Refreshing native plugins compatible for Editor in 0.35 ms, found 0 plugins.
Preloading 0 native plugins for Editor in 0.00 ms.
Mono: successfully reloaded assembly
- Completed reload, in  0.752 seconds
Platform modules already initialized, skipping
Refreshing native plugins compatible for Editor in 0.47 ms, found 0 plugins.
Preloading 0 native plugins for Editor in 0.00 ms.
Unloading 1168 Unused Serialized files (Serialized files now loaded: 0)
System memory in use before: 90.8 MB.
System memory in use after: 90.9 MB.

Unloading 4 unused Assets to reduce memory usage. Loaded Objects now: 1713.
Total: 1.654400 ms (FindLiveObjects: 0.158100 ms CreateObjectMapping: 0.073100 ms MarkObjects: 1.407200 ms  DeleteObjects: 0.014900 ms)

========================================================================
Received Prepare
Platform WindowsStandaloneSupport does not support graphics device type 

Registering precompiled user dll's ...
Registered in 0.000974 seconds.
Begin MonoManager ReloadAssembly
Native extension for WindowsStandalone target not found
Native extension for WebGL target not found
Refreshing native plugins compatible for Editor in 0.36 ms, found 0 plugins.
Preloading 0 native plugins for Editor in 0.00 ms.
Mono: successfully reloaded assembly
- Completed reload, in  0.774 seconds
Platform modules already initialized, skipping
Refreshing native plugins compatible for Editor in 0.32 ms, found 0 plugins.
Preloading 0 native plugins for Editor in 0.00 ms.
Unloading 1168 Unused Serialized files (Serialized files now loaded: 0)
System memory in use before: 90.8 MB.
System memory in use after: 90.9 MB.

Unloading 4 unused Assets to reduce memory usage. Loaded Objects now: 1716.
Total: 1.530800 ms (FindLiveObjects: 0.189100 ms CreateObjectMapping: 0.035200 ms MarkObjects: 1.292600 ms  DeleteObjects: 0.012700 ms)

========================================================================
Received Prepare
Platform WindowsStandaloneSupport does not support graphics device type 

Registering precompiled user dll's ...
Registered in 0.001125 seconds.
Begin MonoManager ReloadAssembly
Native extension for WindowsStandalone target not found
Native extension for WebGL target not found
Refreshing native plugins compatible for Editor in 0.33 ms, found 0 plugins.
Preloading 0 native plugins for Editor in 0.00 ms.
Mono: successfully reloaded assembly
- Completed reload, in  0.766 seconds
Platform modules already initialized, skipping
Refreshing native plugins compatible for Editor in 0.33 ms, found 0 plugins.
Preloading 0 native plugins for Editor in 0.00 ms.
Unloading 1168 Unused Serialized files (Serialized files now loaded: 0)
System memory in use before: 90.8 MB.
System memory in use after: 90.9 MB.

Unloading 4 unused Assets to reduce memory usage. Loaded Objects now: 1719.
Total: 2.021300 ms (FindLiveObjects: 0.144300 ms CreateObjectMapping: 0.035700 ms MarkObjects: 1.806500 ms  DeleteObjects: 0.032500 ms)

========================================================================
Received Prepare
Platform WindowsStandaloneSupport does not support graphics device type 

Registering precompiled user dll's ...
Registered in 0.000870 seconds.
Begin MonoManager ReloadAssembly
Native extension for WindowsStandalone target not found
Native extension for WebGL target not found
Refreshing native plugins compatible for Editor in 0.41 ms, found 0 plugins.
Preloading 0 native plugins for Editor in 0.00 ms.
Mono: successfully reloaded assembly
- Completed reload, in  0.765 seconds
Platform modules already initialized, skipping
Refreshing native plugins compatible for Editor in 0.37 ms, found 0 plugins.
Preloading 0 native plugins for Editor in 0.00 ms.
Unloading 1168 Unused Serialized files (Serialized files now loaded: 0)
System memory in use before: 90.8 MB.
System memory in use after: 90.9 MB.

Unloading 4 unused Assets to reduce memory usage. Loaded Objects now: 1722.
Total: 1.690800 ms (FindLiveObjects: 0.149000 ms CreateObjectMapping: 0.034700 ms MarkObjects: 1.489400 ms  DeleteObjects: 0.016200 ms)

========================================================================
Received Prepare
Platform WindowsStandaloneSupport does not support graphics device type 

Registering precompiled user dll's ...
Registered in 0.000861 seconds.
Begin MonoManager ReloadAssembly
Native extension for WindowsStandalone target not found
Native extension for WebGL target not found
Refreshing native plugins compatible for Editor in 0.32 ms, found 0 plugins.
Preloading 0 native plugins for Editor in 0.00 ms.
Mono: successfully reloaded assembly
- Completed reload, in  0.819 seconds
Platform modules already initialized, skipping
Refreshing native plugins compatible for Editor in 0.35 ms, found 0 plugins.
Preloading 0 native plugins for Editor in 0.00 ms.
Unloading 1168 Unused Serialized files (Serialized files now loaded: 0)
System memory in use before: 90.8 MB.
System memory in use after: 90.9 MB.

Unloading 4 unused Assets to reduce memory usage. Loaded Objects now: 1725.
Total: 2.178800 ms (FindLiveObjects: 0.150100 ms CreateObjectMapping: 0.034100 ms MarkObjects: 1.978600 ms  DeleteObjects: 0.015100 ms)

========================================================================
Received Import Request.
  Time since last request: 437.219771 seconds.
  path: Assets/Prefabs
  artifactKey: Guid(6cc187dac1f2a30428f9e7bf62e8e13e) Importer(815301076,1909f56bfc062723c751e8b465ee728b)
Start importing Assets/Prefabs using Guid(6cc187dac1f2a30428f9e7bf62e8e13e) Importer(815301076,1909f56bfc062723c751e8b465ee728b)  -> (artifact id: '5c148af2d5ba0ae458bacbb562ab15d5') in 0.007491 seconds
  Import took 0.017595 seconds .

========================================================================
Received Import Request.
  Time since last request: 4.677575 seconds.
  path: Assets/Prefabs/sporty_granny Variant.prefab
  artifactKey: Guid(d123b6f9742d11b40a0025bd99837972) Importer(815301076,1909f56bfc062723c751e8b465ee728b)
Start importing Assets/Prefabs/sporty_granny Variant.prefab using Guid(d123b6f9742d11b40a0025bd99837972) Importer(815301076,1909f56bfc062723c751e8b465ee728b)  -> (artifact id: '27d80622edbe028d5adeb682afc6d51d') in 0.195056 seconds
  Import took 0.198169 seconds .

========================================================================
Received Prepare
Platform WindowsStandaloneSupport does not support graphics device type 

Registering precompiled user dll's ...
Registered in 0.001407 seconds.
Begin MonoManager ReloadAssembly
Native extension for WindowsStandalone target not found
Native extension for WebGL target not found
Refreshing native plugins compatible for Editor in 0.31 ms, found 0 plugins.
Preloading 0 native plugins for Editor in 0.00 ms.
Mono: successfully reloaded assembly
- Completed reload, in  0.783 seconds
Platform modules already initialized, skipping
Refreshing native plugins compatible for Editor in 0.34 ms, found 0 plugins.
Preloading 0 native plugins for Editor in 0.00 ms.
Unloading 1168 Unused Serialized files (Serialized files now loaded: 0)
System memory in use before: 90.9 MB.
System memory in use after: 91.0 MB.

Unloading 4 unused Assets to reduce memory usage. Loaded Objects now: 1729.
Total: 2.214900 ms (FindLiveObjects: 0.186200 ms CreateObjectMapping: 0.067600 ms MarkObjects: 1.944400 ms  DeleteObjects: 0.015400 ms)

========================================================================
Received Import Request.
  Time since last request: 534.521117 seconds.
  path: Assets/Materials
  artifactKey: Guid(becd96bbca12d1240b5d7cc90042716d) Importer(815301076,1909f56bfc062723c751e8b465ee728b)
Start importing Assets/Materials using Guid(becd96bbca12d1240b5d7cc90042716d) Importer(815301076,1909f56bfc062723c751e8b465ee728b)  -> (artifact id: 'a131f5c149d589055aa717eb8692ba73') in 0.011839 seconds
  Import took 0.015741 seconds .

========================================================================
Received Import Request.
  Time since last request: 9.176225 seconds.
  path: Assets/Materials/Car.mat
  artifactKey: Guid(74c37003f1bebd945b6013c9e6adf685) Importer(815301076,1909f56bfc062723c751e8b465ee728b)
Start importing Assets/Materials/Car.mat using Guid(74c37003f1bebd945b6013c9e6adf685) Importer(815301076,1909f56bfc062723c751e8b465ee728b)  -> (artifact id: '2ff518f30a1a87caacfb7d33db3dba8d') in 0.067074 seconds
  Import took 0.092746 seconds .

========================================================================
Received Import Request.
  Time since last request: 21.605588 seconds.
  path: Assets/Materials/Wheel.mat
  artifactKey: Guid(c55f788f9034d044cbb7f5a9a317af88) Importer(815301076,1909f56bfc062723c751e8b465ee728b)
Start importing Assets/Materials/Wheel.mat using Guid(c55f788f9034d044cbb7f5a9a317af88) Importer(815301076,1909f56bfc062723c751e8b465ee728b)  -> (artifact id: '38c437d541d60b659011ba67c66ff612') in 0.015863 seconds
  Import took 0.032093 seconds .

========================================================================
Received Import Request.
  Time since last request: 26.471056 seconds.
  path: Assets/Materials/Metal.mat
  artifactKey: Guid(6e9115f7d49668f43a747c78b68a36e9) Importer(815301076,1909f56bfc062723c751e8b465ee728b)
Start importing Assets/Materials/Metal.mat using Guid(6e9115f7d49668f43a747c78b68a36e9) Importer(815301076,1909f56bfc062723c751e8b465ee728b)  -> (artifact id: '62e285916a7cce8c4f61fb163741f11c') in 0.013469 seconds
  Import took 0.030146 seconds .

========================================================================
Received Prepare
Platform WindowsStandaloneSupport does not support graphics device type 

Registering precompiled user dll's ...
Registered in 0.000874 seconds.
Begin MonoManager ReloadAssembly
Native extension for WindowsStandalone target not found
Native extension for WebGL target not found
Refreshing native plugins compatible for Editor in 0.35 ms, found 0 plugins.
Preloading 0 native plugins for Editor in 0.00 ms.
Mono: successfully reloaded assembly
- Completed reload, in  0.836 seconds
Platform modules already initialized, skipping
Refreshing native plugins compatible for Editor in 0.32 ms, found 0 plugins.
Preloading 0 native plugins for Editor in 0.00 ms.
Unloading 1168 Unused Serialized files (Serialized files now loaded: 0)
System memory in use before: 90.9 MB.
System memory in use after: 91.0 MB.

Unloading 4 unused Assets to reduce memory usage. Loaded Objects now: 1733.
Total: 1.787900 ms (FindLiveObjects: 0.142200 ms CreateObjectMapping: 0.035300 ms MarkObjects: 1.593000 ms  DeleteObjects: 0.016000 ms)

========================================================================
Received Import Request.
  Time since last request: 140.461841 seconds.
  path: Assets/Materials/s-l400.jpg
  artifactKey: Guid(1e4ca7bb84b68fd41917a2f339cc3cac) Importer(815301076,1909f56bfc062723c751e8b465ee728b)
Start importing Assets/Materials/s-l400.jpg using Guid(1e4ca7bb84b68fd41917a2f339cc3cac) Importer(815301076,1909f56bfc062723c751e8b465ee728b)  -> (artifact id: '2798b563415da2a0128533f8701812e9') in 0.069822 seconds
  Import took 0.072339 seconds .

========================================================================
Received Import Request.
  Time since last request: 234.517634 seconds.
  path: ProjectSettings/TagManager.asset
  artifactKey: Guid(00000000000000003000000000000000) Importer(815301076,1909f56bfc062723c751e8b465ee728b)
Start importing ProjectSettings/TagManager.asset using Guid(00000000000000003000000000000000) Importer(815301076,1909f56bfc062723c751e8b465ee728b)  -> (artifact id: 'f479ef3ceafe913fed05355bdcf206a9') in 0.008232 seconds
  Import took 0.016579 seconds .

========================================================================
Received Prepare
Platform WindowsStandaloneSupport does not support graphics device type 

Registering precompiled user dll's ...
Registered in 0.000811 seconds.
Begin MonoManager ReloadAssembly
Native extension for WindowsStandalone target not found
Native extension for WebGL target not found
Refreshing native plugins compatible for Editor in 0.53 ms, found 0 plugins.
Preloading 0 native plugins for Editor in 0.00 ms.
Mono: successfully reloaded assembly
- Completed reload, in  0.750 seconds
Platform modules already initialized, skipping
Refreshing native plugins compatible for Editor in 0.34 ms, found 0 plugins.
Preloading 0 native plugins for Editor in 0.00 ms.
Unloading 1168 Unused Serialized files (Serialized files now loaded: 0)
System memory in use before: 90.9 MB.
System memory in use after: 91.0 MB.

Unloading 5 unused Assets to reduce memory usage. Loaded Objects now: 1738.
Total: 1.597900 ms (FindLiveObjects: 0.125100 ms CreateObjectMapping: 0.028500 ms MarkObjects: 1.430700 ms  DeleteObjects: 0.012400 ms)

========================================================================
Received Import Request.
  Time since last request: 35.249751 seconds.
  path: Assets/Scripts/PersonColision.cs
  artifactKey: Guid(1c687781041e7444c8153545bd0a8c1a) Importer(815301076,1909f56bfc062723c751e8b465ee728b)
Start importing Assets/Scripts/PersonColision.cs using Guid(1c687781041e7444c8153545bd0a8c1a) Importer(815301076,1909f56bfc062723c751e8b465ee728b)  -> (artifact id: '7867cf56a9a8697eab154953392306ae') in 0.008322 seconds
  Import took 0.012648 seconds .

========================================================================
Received Prepare
Platform WindowsStandaloneSupport does not support graphics device type 

Registering precompiled user dll's ...
Registered in 0.001273 seconds.
Begin MonoManager ReloadAssembly
Native extension for WindowsStandalone target not found
Native extension for WebGL target not found
Refreshing native plugins compatible for Editor in 0.32 ms, found 0 plugins.
Preloading 0 native plugins for Editor in 0.00 ms.
Mono: successfully reloaded assembly
- Completed reload, in  0.794 seconds
Platform modules already initialized, skipping
Refreshing native plugins compatible for Editor in 0.32 ms, found 0 plugins.
Preloading 0 native plugins for Editor in 0.00 ms.
Unloading 1168 Unused Serialized files (Serialized files now loaded: 0)
System memory in use before: 90.9 MB.
System memory in use after: 91.0 MB.

Unloading 4 unused Assets to reduce memory usage. Loaded Objects now: 1741.
Total: 2.418800 ms (FindLiveObjects: 0.184100 ms CreateObjectMapping: 0.070700 ms MarkObjects: 2.142200 ms  DeleteObjects: 0.020300 ms)

========================================================================
Received Import Request.
  Time since last request: 51.709065 seconds.
  path: Assets/Scripts/PersonColision.cs
  artifactKey: Guid(1c687781041e7444c8153545bd0a8c1a) Importer(815301076,1909f56bfc062723c751e8b465ee728b)
Start importing Assets/Scripts/PersonColision.cs using Guid(1c687781041e7444c8153545bd0a8c1a) Importer(815301076,1909f56bfc062723c751e8b465ee728b)  -> (artifact id: '097dc6ef38005f2370122ef23ec85b78') in 0.004875 seconds
  Import took 0.007069 seconds .

========================================================================
Received Prepare
Platform WindowsStandaloneSupport does not support graphics device type 

Registering precompiled user dll's ...
Registered in 0.000936 seconds.
Begin MonoManager ReloadAssembly
Native extension for WindowsStandalone target not found
Native extension for WebGL target not found
Refreshing native plugins compatible for Editor in 0.33 ms, found 0 plugins.
Preloading 0 native plugins for Editor in 0.00 ms.
Mono: successfully reloaded assembly
- Completed reload, in  0.824 seconds
Platform modules already initialized, skipping
Refreshing native plugins compatible for Editor in 0.64 ms, found 0 plugins.
Preloading 0 native plugins for Editor in 0.00 ms.
Unloading 1168 Unused Serialized files (Serialized files now loaded: 0)
System memory in use before: 90.9 MB.
System memory in use after: 91.0 MB.

Unloading 4 unused Assets to reduce memory usage. Loaded Objects now: 1744.
Total: 1.755800 ms (FindLiveObjects: 0.170000 ms CreateObjectMapping: 0.037500 ms MarkObjects: 1.499400 ms  DeleteObjects: 0.032500 ms)

========================================================================
Received Prepare
Platform WindowsStandaloneSupport does not support graphics device type 

Registering precompiled user dll's ...
Registered in 0.000903 seconds.
Begin MonoManager ReloadAssembly
Native extension for WindowsStandalone target not found
Native extension for WebGL target not found
Refreshing native plugins compatible for Editor in 0.32 ms, found 0 plugins.
Preloading 0 native plugins for Editor in 0.00 ms.
Mono: successfully reloaded assembly
- Completed reload, in  0.835 seconds
Platform modules already initialized, skipping
Refreshing native plugins compatible for Editor in 0.34 ms, found 0 plugins.
Preloading 0 native plugins for Editor in 0.00 ms.
Unloading 1168 Unused Serialized files (Serialized files now loaded: 0)
System memory in use before: 91.0 MB.
System memory in use after: 91.1 MB.

Unloading 4 unused Assets to reduce memory usage. Loaded Objects now: 1747.
Total: 2.977200 ms (FindLiveObjects: 0.229800 ms CreateObjectMapping: 0.066900 ms MarkObjects: 2.659000 ms  DeleteObjects: 0.019500 ms)

========================================================================
Received Prepare
Platform WindowsStandaloneSupport does not support graphics device type 

Registering precompiled user dll's ...
Registered in 0.000962 seconds.
Begin MonoManager ReloadAssembly
Native extension for WindowsStandalone target not found
Native extension for WebGL target not found
Refreshing native plugins compatible for Editor in 0.54 ms, found 0 plugins.
Preloading 0 native plugins for Editor in 0.00 ms.
Mono: successfully reloaded assembly
- Completed reload, in  0.783 seconds
Platform modules already initialized, skipping
Refreshing native plugins compatible for Editor in 0.34 ms, found 0 plugins.
Preloading 0 native plugins for Editor in 0.00 ms.
Unloading 1168 Unused Serialized files (Serialized files now loaded: 0)
System memory in use before: 91.0 MB.
System memory in use after: 91.1 MB.

Unloading 4 unused Assets to reduce memory usage. Loaded Objects now: 1750.
Total: 1.762700 ms (FindLiveObjects: 0.186300 ms CreateObjectMapping: 0.035900 ms MarkObjects: 1.526700 ms  DeleteObjects: 0.013000 ms)

========================================================================
Received Prepare
Platform WindowsStandaloneSupport does not support graphics device type 

Registering precompiled user dll's ...
Registered in 0.000839 seconds.
Begin MonoManager ReloadAssembly
Native extension for WindowsStandalone target not found
Native extension for WebGL target not found
Refreshing native plugins compatible for Editor in 0.46 ms, found 0 plugins.
Preloading 0 native plugins for Editor in 0.00 ms.
Mono: successfully reloaded assembly
- Completed reload, in  0.818 seconds
Platform modules already initialized, skipping
Refreshing native plugins compatible for Editor in 0.32 ms, found 0 plugins.
Preloading 0 native plugins for Editor in 0.00 ms.
Unloading 1168 Unused Serialized files (Serialized files now loaded: 0)
System memory in use before: 91.0 MB.
System memory in use after: 91.1 MB.

Unloading 4 unused Assets to reduce memory usage. Loaded Objects now: 1753.
Total: 2.918400 ms (FindLiveObjects: 0.178700 ms CreateObjectMapping: 0.037100 ms MarkObjects: 2.678900 ms  DeleteObjects: 0.022200 ms)

========================================================================
Received Prepare
Platform WindowsStandaloneSupport does not support graphics device type 

Registering precompiled user dll's ...
Registered in 0.000857 seconds.
Begin MonoManager ReloadAssembly
Native extension for WindowsStandalone target not found
Native extension for WebGL target not found
Refreshing native plugins compatible for Editor in 0.36 ms, found 0 plugins.
Preloading 0 native plugins for Editor in 0.00 ms.
Mono: successfully reloaded assembly
- Completed reload, in  0.822 seconds
Platform modules already initialized, skipping
Refreshing native plugins compatible for Editor in 0.68 ms, found 0 plugins.
Preloading 0 native plugins for Editor in 0.00 ms.
Unloading 1168 Unused Serialized files (Serialized files now loaded: 0)
System memory in use before: 91.0 MB.
System memory in use after: 91.1 MB.

Unloading 4 unused Assets to reduce memory usage. Loaded Objects now: 1756.
Total: 1.745100 ms (FindLiveObjects: 0.197100 ms CreateObjectMapping: 0.034600 ms MarkObjects: 1.498500 ms  DeleteObjects: 0.014000 ms)

========================================================================
Received Prepare
Platform WindowsStandaloneSupport does not support graphics device type 

Registering precompiled user dll's ...
Registered in 0.001084 seconds.
Begin MonoManager ReloadAssembly
Native extension for WindowsStandalone target not found
Native extension for WebGL target not found
Refreshing native plugins compatible for Editor in 0.37 ms, found 0 plugins.
Preloading 0 native plugins for Editor in 0.00 ms.
Mono: successfully reloaded assembly
- Completed reload, in  0.779 seconds
Platform modules already initialized, skipping
Refreshing native plugins compatible for Editor in 0.35 ms, found 0 plugins.
Preloading 0 native plugins for Editor in 0.00 ms.
Unloading 1168 Unused Serialized files (Serialized files now loaded: 0)
System memory in use before: 91.1 MB.
System memory in use after: 91.2 MB.

Unloading 4 unused Assets to reduce memory usage. Loaded Objects now: 1759.
Total: 2.304500 ms (FindLiveObjects: 0.331800 ms CreateObjectMapping: 0.069500 ms MarkObjects: 1.852800 ms  DeleteObjects: 0.049400 ms)

========================================================================
Received Prepare
Platform WindowsStandaloneSupport does not support graphics device type 

Registering precompiled user dll's ...
Registered in 0.000858 seconds.
Begin MonoManager ReloadAssembly
Native extension for WindowsStandalone target not found
Native extension for WebGL target not found
Refreshing native plugins compatible for Editor in 0.32 ms, found 0 plugins.
Preloading 0 native plugins for Editor in 0.00 ms.
Mono: successfully reloaded assembly
- Completed reload, in  0.774 seconds
Platform modules already initialized, skipping
Refreshing native plugins compatible for Editor in 0.33 ms, found 0 plugins.
Preloading 0 native plugins for Editor in 0.00 ms.
Unloading 1168 Unused Serialized files (Serialized files now loaded: 0)
System memory in use before: 91.1 MB.
System memory in use after: 91.2 MB.

Unloading 4 unused Assets to reduce memory usage. Loaded Objects now: 1762.
Total: 1.668400 ms (FindLiveObjects: 0.278100 ms CreateObjectMapping: 0.047800 ms MarkObjects: 1.327000 ms  DeleteObjects: 0.013900 ms)

========================================================================
Received Prepare
Platform WindowsStandaloneSupport does not support graphics device type 

Registering precompiled user dll's ...
Registered in 0.000770 seconds.
Begin MonoManager ReloadAssembly
Native extension for WindowsStandalone target not found
Native extension for WebGL target not found
Refreshing native plugins compatible for Editor in 0.74 ms, found 0 plugins.
Preloading 0 native plugins for Editor in 0.00 ms.
Mono: successfully reloaded assembly
- Completed reload, in  0.883 seconds
Platform modules already initialized, skipping
Refreshing native plugins compatible for Editor in 0.59 ms, found 0 plugins.
Preloading 0 native plugins for Editor in 0.00 ms.
Unloading 1168 Unused Serialized files (Serialized files now loaded: 0)
System memory in use before: 91.1 MB.
System memory in use after: 91.2 MB.

Unloading 4 unused Assets to reduce memory usage. Loaded Objects now: 1765.
Total: 2.787900 ms (FindLiveObjects: 0.274400 ms CreateObjectMapping: 0.052700 ms MarkObjects: 2.435200 ms  DeleteObjects: 0.023900 ms)

========================================================================
Received Prepare
Platform WindowsStandaloneSupport does not support graphics device type 

Registering precompiled user dll's ...
Registered in 0.001277 seconds.
Begin MonoManager ReloadAssembly
Native extension for WindowsStandalone target not found
Native extension for WebGL target not found
Refreshing native plugins compatible for Editor in 0.32 ms, found 0 plugins.
Preloading 0 native plugins for Editor in 0.00 ms.
Mono: successfully reloaded assembly
- Completed reload, in  0.745 seconds
Platform modules already initialized, skipping
Refreshing native plugins compatible for Editor in 0.35 ms, found 0 plugins.
Preloading 0 native plugins for Editor in 0.00 ms.
Unloading 1168 Unused Serialized files (Serialized files now loaded: 0)
System memory in use before: 91.1 MB.
System memory in use after: 91.2 MB.

Unloading 4 unused Assets to reduce memory usage. Loaded Objects now: 1768.
Total: 1.461700 ms (FindLiveObjects: 0.153700 ms CreateObjectMapping: 0.030900 ms MarkObjects: 1.262100 ms  DeleteObjects: 0.013300 ms)

========================================================================
Received Prepare
Platform WindowsStandaloneSupport does not support graphics device type 

Registering precompiled user dll's ...
Registered in 0.002145 seconds.
Begin MonoManager ReloadAssembly
Native extension for WindowsStandalone target not found
Native extension for WebGL target not found
Refreshing native plugins compatible for Editor in 0.51 ms, found 0 plugins.
Preloading 0 native plugins for Editor in 0.00 ms.
Mono: successfully reloaded assembly
- Completed reload, in  1.329 seconds
Platform modules already initialized, skipping
Refreshing native plugins compatible for Editor in 0.73 ms, found 0 plugins.
Preloading 0 native plugins for Editor in 0.00 ms.
Unloading 1168 Unused Serialized files (Serialized files now loaded: 0)
System memory in use before: 91.1 MB.
System memory in use after: 91.2 MB.

Unloading 4 unused Assets to reduce memory usage. Loaded Objects now: 1771.
Total: 5.112900 ms (FindLiveObjects: 0.414600 ms CreateObjectMapping: 0.190000 ms MarkObjects: 4.383900 ms  DeleteObjects: 0.122500 ms)

========================================================================
Received Prepare
Platform WindowsStandaloneSupport does not support graphics device type 

Registering precompiled user dll's ...
Registered in 0.000974 seconds.
Begin MonoManager ReloadAssembly
Native extension for WindowsStandalone target not found
Native extension for WebGL target not found
Refreshing native plugins compatible for Editor in 0.55 ms, found 0 plugins.
Preloading 0 native plugins for Editor in 0.00 ms.
Mono: successfully reloaded assembly
- Completed reload, in  1.093 seconds
Platform modules already initialized, skipping
Refreshing native plugins compatible for Editor in 0.41 ms, found 0 plugins.
Preloading 0 native plugins for Editor in 0.00 ms.
Unloading 1169 Unused Serialized files (Serialized files now loaded: 0)
System memory in use before: 91.1 MB.
System memory in use after: 91.2 MB.

Unloading 4 unused Assets to reduce memory usage. Loaded Objects now: 1775.
Total: 4.101900 ms (FindLiveObjects: 0.222300 ms CreateObjectMapping: 0.067500 ms MarkObjects: 3.775100 ms  DeleteObjects: 0.034000 ms)

========================================================================
Received Import Request.
  Time since last request: 18456.950489 seconds.
  path: Assets/Scripts/Timer.cs
  artifactKey: Guid(b6b228b6ca65101479ed611e6482e490) Importer(815301076,1909f56bfc062723c751e8b465ee728b)
Start importing Assets/Scripts/Timer.cs using Guid(b6b228b6ca65101479ed611e6482e490) Importer(815301076,1909f56bfc062723c751e8b465ee728b)  -> (artifact id: '2af2e29d56e3b1940de2fd9f843e18fa') in 0.026642 seconds
  Import took 0.127839 seconds .

========================================================================
Received Prepare
Platform WindowsStandaloneSupport does not support graphics device type 

Registering precompiled user dll's ...
Registered in 0.000824 seconds.
Begin MonoManager ReloadAssembly
Native extension for WindowsStandalone target not found
Native extension for WebGL target not found
Refreshing native plugins compatible for Editor in 0.32 ms, found 0 plugins.
Preloading 0 native plugins for Editor in 0.00 ms.
Mono: successfully reloaded assembly
- Completed reload, in  0.736 seconds
Platform modules already initialized, skipping
Refreshing native plugins compatible for Editor in 0.33 ms, found 0 plugins.
Preloading 0 native plugins for Editor in 0.00 ms.
Unloading 1169 Unused Serialized files (Serialized files now loaded: 0)
System memory in use before: 91.1 MB.
System memory in use after: 91.2 MB.

Unloading 4 unused Assets to reduce memory usage. Loaded Objects now: 1778.
Total: 2.160600 ms (FindLiveObjects: 0.171400 ms CreateObjectMapping: 0.039100 ms MarkObjects: 1.921800 ms  DeleteObjects: 0.027000 ms)

========================================================================
Received Prepare
Platform WindowsStandaloneSupport does not support graphics device type 

Registering precompiled user dll's ...
Registered in 0.001098 seconds.
Begin MonoManager ReloadAssembly
Native extension for WindowsStandalone target not found
Native extension for WebGL target not found
Refreshing native plugins compatible for Editor in 0.32 ms, found 0 plugins.
Preloading 0 native plugins for Editor in 0.00 ms.
Mono: successfully reloaded assembly
- Completed reload, in  0.776 seconds
Platform modules already initialized, skipping
Refreshing native plugins compatible for Editor in 0.36 ms, found 0 plugins.
Preloading 0 native plugins for Editor in 0.00 ms.
Unloading 1168 Unused Serialized files (Serialized files now loaded: 0)
System memory in use before: 91.1 MB.
System memory in use after: 91.2 MB.

Unloading 5 unused Assets to reduce memory usage. Loaded Objects now: 1780.
Total: 2.187500 ms (FindLiveObjects: 0.189000 ms CreateObjectMapping: 0.036000 ms MarkObjects: 1.922500 ms  DeleteObjects: 0.039200 ms)

========================================================================
Received Import Request.
  Time since last request: 32.806407 seconds.
  path: Assets/Scripts/PizzaDelivery.cs
  artifactKey: Guid(c27e263aaa8852b44aa0eb1a59337a9a) Importer(815301076,1909f56bfc062723c751e8b465ee728b)
Start importing Assets/Scripts/PizzaDelivery.cs using Guid(c27e263aaa8852b44aa0eb1a59337a9a) Importer(815301076,1909f56bfc062723c751e8b465ee728b)  -> (artifact id: '3a10b1ceaf15c6203db710e76f52d62a') in 0.022833 seconds
  Import took 0.026507 seconds .

========================================================================
Received Prepare
Platform WindowsStandaloneSupport does not support graphics device type 

Registering precompiled user dll's ...
Registered in 0.000965 seconds.
Begin MonoManager ReloadAssembly
Native extension for WindowsStandalone target not found
Native extension for WebGL target not found
Refreshing native plugins compatible for Editor in 0.40 ms, found 0 plugins.
Preloading 0 native plugins for Editor in 0.00 ms.
Mono: successfully reloaded assembly
- Completed reload, in  0.756 seconds
Platform modules already initialized, skipping
Refreshing native plugins compatible for Editor in 0.33 ms, found 0 plugins.
Preloading 0 native plugins for Editor in 0.00 ms.
Unloading 1169 Unused Serialized files (Serialized files now loaded: 0)
System memory in use before: 91.1 MB.
System memory in use after: 91.2 MB.

Unloading 4 unused Assets to reduce memory usage. Loaded Objects now: 1784.
Total: 1.719600 ms (FindLiveObjects: 0.151000 ms CreateObjectMapping: 0.042100 ms MarkObjects: 1.494300 ms  DeleteObjects: 0.031400 ms)

========================================================================
Received Prepare
Platform WindowsStandaloneSupport does not support graphics device type 

Registering precompiled user dll's ...
Registered in 0.001181 seconds.
Begin MonoManager ReloadAssembly
Native extension for WindowsStandalone target not found
Native extension for WebGL target not found
Refreshing native plugins compatible for Editor in 0.50 ms, found 0 plugins.
Preloading 0 native plugins for Editor in 0.00 ms.
Mono: successfully reloaded assembly
- Completed reload, in  0.756 seconds
Platform modules already initialized, skipping
Refreshing native plugins compatible for Editor in 0.42 ms, found 0 plugins.
Preloading 0 native plugins for Editor in 0.00 ms.
Unloading 1169 Unused Serialized files (Serialized files now loaded: 0)
System memory in use before: 91.1 MB.
System memory in use after: 91.2 MB.

Unloading 4 unused Assets to reduce memory usage. Loaded Objects now: 1787.
Total: 1.845400 ms (FindLiveObjects: 0.154000 ms CreateObjectMapping: 0.037100 ms MarkObjects: 1.626800 ms  DeleteObjects: 0.026200 ms)

========================================================================
Received Import Request.
  Time since last request: 192.586343 seconds.
  path: Assets/Scripts/PizzaDelivery.cs
  artifactKey: Guid(c27e263aaa8852b44aa0eb1a59337a9a) Importer(815301076,1909f56bfc062723c751e8b465ee728b)
Start importing Assets/Scripts/PizzaDelivery.cs using Guid(c27e263aaa8852b44aa0eb1a59337a9a) Importer(815301076,1909f56bfc062723c751e8b465ee728b)  -> (artifact id: '4c8183987640ebb52f48d1828dd38186') in 0.005000 seconds
  Import took 0.008498 seconds .

========================================================================
Received Prepare
Platform WindowsStandaloneSupport does not support graphics device type 

Registering precompiled user dll's ...
Registered in 0.001294 seconds.
Begin MonoManager ReloadAssembly
Native extension for WindowsStandalone target not found
Native extension for WebGL target not found
Refreshing native plugins compatible for Editor in 0.35 ms, found 0 plugins.
Preloading 0 native plugins for Editor in 0.00 ms.
Mono: successfully reloaded assembly
- Completed reload, in  0.776 seconds
Platform modules already initialized, skipping
Refreshing native plugins compatible for Editor in 0.33 ms, found 0 plugins.
Preloading 0 native plugins for Editor in 0.00 ms.
Unloading 1169 Unused Serialized files (Serialized files now loaded: 0)
System memory in use before: 91.1 MB.
System memory in use after: 91.2 MB.

Unloading 4 unused Assets to reduce memory usage. Loaded Objects now: 1790.
Total: 1.753800 ms (FindLiveObjects: 0.215200 ms CreateObjectMapping: 0.059200 ms MarkObjects: 1.463500 ms  DeleteObjects: 0.014600 ms)

========================================================================
Received Import Request.
  Time since last request: 567.239970 seconds.
  path: Assets/Scenes/Fail.unity
  artifactKey: Guid(0bea8972c6a626f41aad2ed736fe59c8) Importer(815301076,1909f56bfc062723c751e8b465ee728b)
Start importing Assets/Scenes/Fail.unity using Guid(0bea8972c6a626f41aad2ed736fe59c8) Importer(815301076,1909f56bfc062723c751e8b465ee728b)  -> (artifact id: '046d5b48e6b78b2fb9352dae11524b9c') in 0.021298 seconds
  Import took 0.037213 seconds .

========================================================================
Received Import Request.
  Time since last request: 59.110507 seconds.
  path: Assets/Scenes/dd2atwn-916c8e06-c911-4b87-8126-768b2425397d.png
  artifactKey: Guid(9729fafb4149b694e89677c6f5ca9b53) Importer(815301076,1909f56bfc062723c751e8b465ee728b)
Start importing Assets/Scenes/dd2atwn-916c8e06-c911-4b87-8126-768b2425397d.png using Guid(9729fafb4149b694e89677c6f5ca9b53) Importer(815301076,1909f56bfc062723c751e8b465ee728b)  -> (artifact id: 'bd3d68e55d8821f7ca2cb9dbb149bab4') in 0.129582 seconds
  Import took 0.133231 seconds .

========================================================================
Received Import Request.
  Time since last request: 40.509477 seconds.
  path: Assets/Scenes/dd2atwn-916c8e06-c911-4b87-8126-768b2425397d.png
  artifactKey: Guid(9729fafb4149b694e89677c6f5ca9b53) Importer(815301076,1909f56bfc062723c751e8b465ee728b)
Start importing Assets/Scenes/dd2atwn-916c8e06-c911-4b87-8126-768b2425397d.png using Guid(9729fafb4149b694e89677c6f5ca9b53) Importer(815301076,1909f56bfc062723c751e8b465ee728b)  -> (artifact id: 'ccd4116a1297fb209ebba832385c7d73') in 0.116618 seconds
  Import took 0.131015 seconds .

========================================================================
Received Import Request.
  Time since last request: 119.055334 seconds.
  path: Assets/Scenes/GameScene.unity
  artifactKey: Guid(a3ce6cd52c032fd4391b60e6760d2726) Importer(815301076,1909f56bfc062723c751e8b465ee728b)
Start importing Assets/Scenes/GameScene.unity using Guid(a3ce6cd52c032fd4391b60e6760d2726) Importer(815301076,1909f56bfc062723c751e8b465ee728b)  -> (artifact id: '5125dd5f8ecfefa3162a44b0b4de2933') in 0.009046 seconds
  Import took 0.019837 seconds .

========================================================================
Received Prepare
Platform WindowsStandaloneSupport does not support graphics device type 

Registering precompiled user dll's ...
Registered in 0.000870 seconds.
Begin MonoManager ReloadAssembly
Native extension for WindowsStandalone target not found
Native extension for WebGL target not found
Refreshing native plugins compatible for Editor in 0.33 ms, found 0 plugins.
Preloading 0 native plugins for Editor in 0.00 ms.
Mono: successfully reloaded assembly
- Completed reload, in  0.770 seconds
Platform modules already initialized, skipping
Refreshing native plugins compatible for Editor in 0.33 ms, found 0 plugins.
Preloading 0 native plugins for Editor in 0.00 ms.
Unloading 1169 Unused Serialized files (Serialized files now loaded: 0)
System memory in use before: 91.2 MB.
System memory in use after: 91.3 MB.

Unloading 4 unused Assets to reduce memory usage. Loaded Objects now: 1796.
Total: 1.727500 ms (FindLiveObjects: 0.158900 ms CreateObjectMapping: 0.032100 ms MarkObjects: 1.522800 ms  DeleteObjects: 0.012300 ms)

========================================================================
Received Import Request.
  Time since last request: 199.965213 seconds.
  path: Assets/Materials/Car.mat
  artifactKey: Guid(74c37003f1bebd945b6013c9e6adf685) Importer(815301076,1909f56bfc062723c751e8b465ee728b)
Start importing Assets/Materials/Car.mat using Guid(74c37003f1bebd945b6013c9e6adf685) Importer(815301076,1909f56bfc062723c751e8b465ee728b)  -> (artifact id: 'ea9fee91a08bde6aecee23567d84de00') in 0.062931 seconds
  Import took 0.076981 seconds .

========================================================================
Received Import Request.
  Time since last request: 0.000271 seconds.
  path: Assets/Materials/Wheel.mat
  artifactKey: Guid(c55f788f9034d044cbb7f5a9a317af88) Importer(815301076,1909f56bfc062723c751e8b465ee728b)
Start importing Assets/Materials/Wheel.mat using Guid(c55f788f9034d044cbb7f5a9a317af88) Importer(815301076,1909f56bfc062723c751e8b465ee728b)  -> (artifact id: 'f1c8001bc84e1d301f31f30a56770e2c') in 0.013025 seconds
  Import took 0.015253 seconds .

========================================================================
Received Import Request.
  Time since last request: 0.000264 seconds.
  path: Assets/Materials/Metal.mat
  artifactKey: Guid(6e9115f7d49668f43a747c78b68a36e9) Importer(815301076,1909f56bfc062723c751e8b465ee728b)
Start importing Assets/Materials/Metal.mat using Guid(6e9115f7d49668f43a747c78b68a36e9) Importer(815301076,1909f56bfc062723c751e8b465ee728b)  -> (artifact id: 'eac031d0f0dda6256f6e219568b0a323') in 0.015809 seconds
  Import took 0.018195 seconds .

========================================================================
Received Import Request.
  Time since last request: 8.274944 seconds.
  path: Assets/Materials/Target.mat
  artifactKey: Guid(8aacab0b974ba1f458fd918853d181dd) Importer(815301076,1909f56bfc062723c751e8b465ee728b)
Start importing Assets/Materials/Target.mat using Guid(8aacab0b974ba1f458fd918853d181dd) Importer(815301076,1909f56bfc062723c751e8b465ee728b)  -> (artifact id: 'b9991a83ba4e09e94f9799e333624de3') in 0.018222 seconds
  Import took 0.023172 seconds .

========================================================================
Received Import Request.
  Time since last request: 51.780253 seconds.
  path: Assets/Materials/Target.mat
  artifactKey: Guid(8aacab0b974ba1f458fd918853d181dd) Importer(815301076,1909f56bfc062723c751e8b465ee728b)
Start importing Assets/Materials/Target.mat using Guid(8aacab0b974ba1f458fd918853d181dd) Importer(815301076,1909f56bfc062723c751e8b465ee728b)  -> (artifact id: '08d00feeccf57d4ddaaae9745b26bb50') in 0.015276 seconds
  Import took 0.027274 seconds .

========================================================================
Received Prepare
Platform WindowsStandaloneSupport does not support graphics device type 

Registering precompiled user dll's ...
Registered in 0.000804 seconds.
Begin MonoManager ReloadAssembly
Native extension for WindowsStandalone target not found
Native extension for WebGL target not found
Refreshing native plugins compatible for Editor in 0.35 ms, found 0 plugins.
Preloading 0 native plugins for Editor in 0.00 ms.
Mono: successfully reloaded assembly
- Completed reload, in  0.762 seconds
Platform modules already initialized, skipping
Refreshing native plugins compatible for Editor in 0.32 ms, found 0 plugins.
Preloading 0 native plugins for Editor in 0.00 ms.
Unloading 1169 Unused Serialized files (Serialized files now loaded: 0)
System memory in use before: 91.2 MB.
System memory in use after: 91.3 MB.

Unloading 4 unused Assets to reduce memory usage. Loaded Objects now: 1800.
Total: 1.705300 ms (FindLiveObjects: 0.178500 ms CreateObjectMapping: 0.029300 ms MarkObjects: 1.483300 ms  DeleteObjects: 0.013500 ms)

========================================================================
Received Prepare
Platform WindowsStandaloneSupport does not support graphics device type 

Registering precompiled user dll's ...
Registered in 0.001077 seconds.
Begin MonoManager ReloadAssembly
Native extension for WindowsStandalone target not found
Native extension for WebGL target not found
Refreshing native plugins compatible for Editor in 0.32 ms, found 0 plugins.
Preloading 0 native plugins for Editor in 0.00 ms.
Mono: successfully reloaded assembly
- Completed reload, in  0.748 seconds
Platform modules already initialized, skipping
Refreshing native plugins compatible for Editor in 0.38 ms, found 0 plugins.
Preloading 0 native plugins for Editor in 0.00 ms.
Unloading 1169 Unused Serialized files (Serialized files now loaded: 0)
System memory in use before: 91.2 MB.
System memory in use after: 91.3 MB.

Unloading 4 unused Assets to reduce memory usage. Loaded Objects now: 1803.
Total: 1.884400 ms (FindLiveObjects: 0.272300 ms CreateObjectMapping: 0.057700 ms MarkObjects: 1.537900 ms  DeleteObjects: 0.014200 ms)

========================================================================
Received Import Request.
  Time since last request: 230.001474 seconds.
  path: ProjectSettings/TagManager.asset
  artifactKey: Guid(00000000000000003000000000000000) Importer(815301076,1909f56bfc062723c751e8b465ee728b)
Start importing ProjectSettings/TagManager.asset using Guid(00000000000000003000000000000000) Importer(815301076,1909f56bfc062723c751e8b465ee728b)  -> (artifact id: 'f3f80d51d2601a78831a8508d1b266f2') in 0.016444 seconds
  Import took 0.019156 seconds .

========================================================================
Received Prepare
Platform WindowsStandaloneSupport does not support graphics device type 

Registering precompiled user dll's ...
Registered in 0.001020 seconds.
Begin MonoManager ReloadAssembly
Native extension for WindowsStandalone target not found
Native extension for WebGL target not found
Refreshing native plugins compatible for Editor in 0.32 ms, found 0 plugins.
Preloading 0 native plugins for Editor in 0.00 ms.
Mono: successfully reloaded assembly
- Completed reload, in  0.773 seconds
Platform modules already initialized, skipping
Refreshing native plugins compatible for Editor in 0.35 ms, found 0 plugins.
Preloading 0 native plugins for Editor in 0.00 ms.
Unloading 1169 Unused Serialized files (Serialized files now loaded: 0)
System memory in use before: 91.2 MB.
System memory in use after: 91.3 MB.

Unloading 5 unused Assets to reduce memory usage. Loaded Objects now: 1806.
Total: 2.640200 ms (FindLiveObjects: 0.688100 ms CreateObjectMapping: 0.145600 ms MarkObjects: 1.787900 ms  DeleteObjects: 0.016500 ms)

========================================================================
Received Import Request.
  Time since last request: 114.492970 seconds.
  path: Assets/Scenes/Fail.unity
  artifactKey: Guid(0bea8972c6a626f41aad2ed736fe59c8) Importer(815301076,1909f56bfc062723c751e8b465ee728b)
Start importing Assets/Scenes/Fail.unity using Guid(0bea8972c6a626f41aad2ed736fe59c8) Importer(815301076,1909f56bfc062723c751e8b465ee728b)  -> (artifact id: 'c5089eb40b350a45b734a763670406da') in 0.020248 seconds
  Import took 0.022933 seconds .

========================================================================
Received Import Request.
  Time since last request: 5.462862 seconds.
  path: Assets/Scenes/GameScene.unity
  artifactKey: Guid(a3ce6cd52c032fd4391b60e6760d2726) Importer(815301076,1909f56bfc062723c751e8b465ee728b)
Start importing Assets/Scenes/GameScene.unity using Guid(a3ce6cd52c032fd4391b60e6760d2726) Importer(815301076,1909f56bfc062723c751e8b465ee728b)  -> (artifact id: '6256feffaf7396a1db8e4018aefb3987') in 0.004441 seconds
  Import took 0.007096 seconds .

========================================================================
Received Prepare
Platform WindowsStandaloneSupport does not support graphics device type 

Registering precompiled user dll's ...
Registered in 0.000748 seconds.
Begin MonoManager ReloadAssembly
Native extension for WindowsStandalone target not found
Native extension for WebGL target not found
Refreshing native plugins compatible for Editor in 0.32 ms, found 0 plugins.
Preloading 0 native plugins for Editor in 0.00 ms.
Mono: successfully reloaded assembly
- Completed reload, in  0.801 seconds
Platform modules already initialized, skipping
Refreshing native plugins compatible for Editor in 0.32 ms, found 0 plugins.
Preloading 0 native plugins for Editor in 0.00 ms.
Unloading 1169 Unused Serialized files (Serialized files now loaded: 0)
System memory in use before: 91.2 MB.
System memory in use after: 91.3 MB.

Unloading 4 unused Assets to reduce memory usage. Loaded Objects now: 1809.
Total: 1.641500 ms (FindLiveObjects: 0.187700 ms CreateObjectMapping: 0.032800 ms MarkObjects: 1.393200 ms  DeleteObjects: 0.026400 ms)

========================================================================
Received Prepare
Platform WindowsStandaloneSupport does not support graphics device type 

Registering precompiled user dll's ...
Registered in 0.001299 seconds.
Begin MonoManager ReloadAssembly
Native extension for WindowsStandalone target not found
Native extension for WebGL target not found
Refreshing native plugins compatible for Editor in 0.97 ms, found 0 plugins.
Preloading 0 native plugins for Editor in 0.00 ms.
Mono: successfully reloaded assembly
- Completed reload, in  0.970 seconds
Platform modules already initialized, skipping
Refreshing native plugins compatible for Editor in 0.37 ms, found 0 plugins.
Preloading 0 native plugins for Editor in 0.00 ms.
Unloading 1169 Unused Serialized files (Serialized files now loaded: 0)
System memory in use before: 91.2 MB.
System memory in use after: 91.3 MB.

Unloading 4 unused Assets to reduce memory usage. Loaded Objects now: 1812.
Total: 2.767100 ms (FindLiveObjects: 0.156400 ms CreateObjectMapping: 0.037400 ms MarkObjects: 2.547900 ms  DeleteObjects: 0.023100 ms)

========================================================================
Received Prepare
Platform WindowsStandaloneSupport does not support graphics device type 

Registering precompiled user dll's ...
Registered in 0.000857 seconds.
Begin MonoManager ReloadAssembly
Native extension for WindowsStandalone target not found
Native extension for WebGL target not found
Refreshing native plugins compatible for Editor in 0.32 ms, found 0 plugins.
Preloading 0 native plugins for Editor in 0.00 ms.
Mono: successfully reloaded assembly
- Completed reload, in  0.777 seconds
Platform modules already initialized, skipping
Refreshing native plugins compatible for Editor in 0.32 ms, found 0 plugins.
Preloading 0 native plugins for Editor in 0.00 ms.
Unloading 1169 Unused Serialized files (Serialized files now loaded: 0)
System memory in use before: 91.2 MB.
System memory in use after: 91.3 MB.

Unloading 4 unused Assets to reduce memory usage. Loaded Objects now: 1815.
Total: 1.841400 ms (FindLiveObjects: 0.195700 ms CreateObjectMapping: 0.083800 ms MarkObjects: 1.545600 ms  DeleteObjects: 0.015300 ms)

AssetImportWorkerClient::OnTransportError - code=2 error=End of file
