Using pre-set license

 COMMAND LINE ARGUMENTS:
/Applications/Unity/Unity.app/Contents/MacOS/Unity
-adb2
-batchMode
-noUpm
-name
AssetImportWorker0
-projectPath
/Users/s18125536/Documents/GitHub/GameAudioProject/GameAudioGame
-logFile
Logs/AssetImportWorker0.log
-srvPort
54609
Successfully changed project path to: /Users/s18125536/Documents/GitHub/GameAudioProject/GameAudioGame
/Users/s18125536/Documents/GitHub/GameAudioProject/GameAudioGame
Using Asset Import Pipeline V2.
Platform WindowsStandaloneSupport does not support graphics device type 

Refreshing native plugins compatible for Editor in 79.34 ms, found 4 plugins.
Preloading 0 native plugins for Editor in 0.00 ms.
Initialize engine version: 2020.3.6f1 (338bb68529b2)
[Subsystems] Discovering subsystems at path /Applications/Unity/Unity.app/Contents/Resources/UnitySubsystems
[Subsystems] Discovering subsystems at path /Users/s18125536/Documents/GitHub/GameAudioProject/GameAudioGame/Assets
GfxDevice: creating device client; threaded=0
2022-05-12 10:20:59.704 Unity[26131:1456842] iMac preferred device: AMD Radeon Pro 575 (high power)
2022-05-12 10:20:59.704 Unity[26131:1456842] Metal devices available: 1
2022-05-12 10:20:59.705 Unity[26131:1456842] 0: AMD Radeon Pro 575 (high power)
2022-05-12 10:20:59.705 Unity[26131:1456842] Using device AMD Radeon Pro 575 (high power)
Initializing Metal device caps: AMD Radeon Pro 575
Initialize mono
Mono path[0] = '/Applications/Unity/Unity.app/Contents/Managed'
Mono path[1] = '/Applications/Unity/Unity.app/Contents/MonoBleedingEdge/lib/mono/unityjit'
Mono config path = '/Applications/Unity/Unity.app/Contents/MonoBleedingEdge/etc'
Using monoOptions --debugger-agent=transport=dt_socket,embedding=1,server=y,suspend=n,address=127.0.0.1:56131
Begin MonoManager ReloadAssembly
Registering precompiled unity dll's ...
Register platform support module: /Applications/Unity/Unity.app/Contents/PlaybackEngines/MacStandaloneSupport/UnityEditor.OSXStandalone.Extensions.dll
Registered in 0.000679 seconds.
Native extension for OSXStandalone target not found
Refreshing native plugins compatible for Editor in 46.73 ms, found 4 plugins.
Preloading 0 native plugins for Editor in 0.00 ms.
Mono: successfully reloaded assembly
- Completed reload, in  1.965 seconds
Platform modules already initialized, skipping
Registering precompiled user dll's ...
Registered in 0.002568 seconds.
Begin MonoManager ReloadAssembly
Native extension for OSXStandalone target not found
Refreshing native plugins compatible for Editor in 0.76 ms, found 4 plugins.
Preloading 0 native plugins for Editor in 0.00 ms.
Mono: successfully reloaded assembly
- Completed reload, in  1.083 seconds
Platform modules already initialized, skipping
========================================================================
Worker process is ready to serve import requests
Platform WindowsStandaloneSupport does not support graphics device type 

Launching external process: /Applications/Unity/Unity.app/Contents/Tools/UnityShaderCompiler
Launched and connected shader compiler UnityShaderCompiler after 0.01 seconds
Refreshing native plugins compatible for Editor in 0.70 ms, found 4 plugins.
Preloading 0 native plugins for Editor in 0.00 ms.
Unloading 1712 Unused Serialized files (Serialized files now loaded: 0)
System memory in use before: 148.5 MB.
System memory in use after: 148.6 MB.

Unloading 71 unused Assets to reduce memory usage. Loaded Objects now: 2095.
Total: 2.006414 ms (FindLiveObjects: 0.184469 ms CreateObjectMapping: 0.052983 ms MarkObjects: 1.694397 ms  DeleteObjects: 0.073817 ms)

========================================================================
Received Import Request.
  path: Assets/Animations/5cf79662-3c6c-4033-a59e-0a546f3d2297@Jazz Dancing-2.fbx
  artifactKey: Guid(94d15da0b13dd49ec82a3593794f9a13) Importer(815301076,1909f56bfc062723c751e8b465ee728b)
Start importing Assets/Animations/5cf79662-3c6c-4033-a59e-0a546f3d2297@Jazz Dancing-2.fbx using Guid(94d15da0b13dd49ec82a3593794f9a13) Importer(815301076,1909f56bfc062723c751e8b465ee728b)  -> (artifact id: '97b1b62fabd3f73585bbff6058496226') in 0.458067 seconds
  Import took 0.462260 seconds .

========================================================================
Received Import Request.
  Time since last request: 0.000224 seconds.
  path: Assets/Animations/bigvegas.fbx
  artifactKey: Guid(d4a7c3a47824a46bf9a6d46bc9f02cf5) Importer(815301076,1909f56bfc062723c751e8b465ee728b)
Start importing Assets/Animations/bigvegas.fbx using Guid(d4a7c3a47824a46bf9a6d46bc9f02cf5) Importer(815301076,1909f56bfc062723c751e8b465ee728b)  -> (artifact id: '2999487ced60cd80c6de950c93d76020') in 0.042527 seconds
  Import took 0.045115 seconds .

========================================================================
Received Import Request.
  Time since last request: 0.000193 seconds.
  path: Assets/Animations/sporty_granny.fbx
  artifactKey: Guid(564a7af485b03864696345ddb220df54) Importer(815301076,1909f56bfc062723c751e8b465ee728b)
Start importing Assets/Animations/sporty_granny.fbx using Guid(564a7af485b03864696345ddb220df54) Importer(815301076,1909f56bfc062723c751e8b465ee728b)  -> (artifact id: '52b9060c939bbc90b8535f7920d455b4') in 0.083297 seconds
  Import took 0.086159 seconds .

========================================================================
Received Import Request.
  Time since last request: 0.000196 seconds.
  path: Assets/Animations/5cf79662-3c6c-4033-a59e-0a546f3d2297@Jazz Dancing.fbx
  artifactKey: Guid(12dad8becd3274c2c8c59e8f669be246) Importer(815301076,1909f56bfc062723c751e8b465ee728b)
Start importing Assets/Animations/5cf79662-3c6c-4033-a59e-0a546f3d2297@Jazz Dancing.fbx using Guid(12dad8becd3274c2c8c59e8f669be246) Importer(815301076,1909f56bfc062723c751e8b465ee728b)  -> (artifact id: '6b88b819c8895b0c5592eec16ae0492e') in 0.041796 seconds
  Import took 0.045362 seconds .

